<?xml version="1.0" encoding="UTF-8"?>
<testsuite name="doctorWhoGame.GameboardTester" tests="10" skipped="0" failures="0" errors="0" timestamp="2016-05-12T07:16:09" hostname="NATHANGJ-W541" time="0.422">
  <properties/>
  <testcase name="TestSetPurchasing" classname="doctorWhoGame.GameboardTester" time="0.334"/>
  <testcase name="TestThatUpdateHandImageCallsForCurrentCardAmounts" classname="doctorWhoGame.GameboardTester" time="0.039"/>
  <testcase name="TestThatHandCanBeSet" classname="doctorWhoGame.GameboardTester" time="0.004"/>
  <testcase name="TestThatImageHeightAndWidthCanBeProperlyObtainedWithGetter" classname="doctorWhoGame.GameboardTester" time="0.004"/>
  <testcase name="TestThatAssociatedHandInitiallyNull" classname="doctorWhoGame.GameboardTester" time="0.004"/>
  <testcase name="TestGameboardHasHandAreaImage" classname="doctorWhoGame.GameboardTester" time="0.004"/>
  <testcase name="TestGameboardExists" classname="doctorWhoGame.GameboardTester" time="0.007"/>
  <testcase name="TestPurchaseGraphics" classname="doctorWhoGame.GameboardTester" time="0.008"/>
  <testcase name="TestImageHeightAndWidthAssignedProperlyForImage" classname="doctorWhoGame.GameboardTester" time="0.004"/>
  <testcase name="TestGameboardHasHandAreaImageFile" classname="doctorWhoGame.GameboardTester" time="0.013"/>
  <system-out><![CDATA[]]></system-out>
  <system-err><![CDATA[]]></system-err>
</testsuite>
