<?xml version="1.0" encoding="UTF-8"?>
<testsuite name="doctorWhoGame.GameStarterTester" tests="3" skipped="0" failures="0" errors="0" timestamp="2016-05-11T14:52:36" hostname="NATHANGJ-W541" time="0.016">
  <properties/>
  <testcase name="testQuestionButtonCreation" classname="doctorWhoGame.GameStarterTester" time="0.001"/>
  <testcase name="testStartButtonCreation" classname="doctorWhoGame.GameStarterTester" time="0.011"/>
  <testcase name="testTitleLabelCreation" classname="doctorWhoGame.GameStarterTester" time="0.003"/>
  <system-out><![CDATA[]]></system-out>
  <system-err><![CDATA[]]></system-err>
</testsuite>
