<?xml version="1.0" encoding="UTF-8"?>
<testsuite name="doctorWhoGame.PlayerTest" tests="5" skipped="0" failures="0" errors="0" timestamp="2016-05-11T14:16:28" hostname="NATHANGJ-W541" time="0.002">
  <properties/>
  <testcase name="testAddRoute" classname="doctorWhoGame.PlayerTest" time="0.001"/>
  <testcase name="testIsPathOwned" classname="doctorWhoGame.PlayerTest" time="0.0"/>
  <testcase name="testRemoveTrains" classname="doctorWhoGame.PlayerTest" time="0.0"/>
  <testcase name="testAddPoints" classname="doctorWhoGame.PlayerTest" time="0.0"/>
  <testcase name="testAddMorePoints" classname="doctorWhoGame.PlayerTest" time="0.0"/>
  <system-out><![CDATA[]]></system-out>
  <system-err><![CDATA[]]></system-err>
</testsuite>
