<?xml version="1.0" encoding="UTF-8"?>
<testsuite name="doctorWhoGame.PathComponentTester" tests="3" skipped="0" failures="0" errors="0" timestamp="2016-05-12T06:31:44" hostname="NATHANGJ-W541" time="0.01">
  <properties/>
  <testcase name="testPathComponentConstructor" classname="doctorWhoGame.PathComponentTester" time="0.008"/>
  <testcase name="TestPositiveShiftOnPathWithPositiveSlope" classname="doctorWhoGame.PathComponentTester" time="0.001"/>
  <testcase name="TestPositiveShiftOnPathWithPNegativeSlope" classname="doctorWhoGame.PathComponentTester" time="0.001"/>
  <system-out><![CDATA[]]></system-out>
  <system-err><![CDATA[]]></system-err>
</testsuite>
