<?xml version="1.0" encoding="UTF-8"?>
<testsuite name="doctorWhoGame.PathTester" tests="1" skipped="0" failures="0" errors="0" timestamp="2016-05-07T23:28:02" hostname="NATHANGJ-W541" time="0.0">
  <properties/>
  <testcase name="testColorsReturnedCorrectlyForInputTrainColors" classname="doctorWhoGame.PathTester" time="0.0"/>
  <system-out><![CDATA[]]></system-out>
  <system-err><![CDATA[]]></system-err>
</testsuite>
