<?xml version="1.0" encoding="UTF-8"?>
<testsuite name="doctorWhoGame.ScoreboardTester" tests="2" skipped="0" failures="0" errors="0" timestamp="2016-05-11T14:16:28" hostname="NATHANGJ-W541" time="0.01">
  <properties/>
  <testcase name="testThatDrawingScoreboardCallsForPlayerColorScoreTrainsAndName" classname="doctorWhoGame.ScoreboardTester" time="0.006"/>
  <testcase name="testThatScoreboardGetsPlayerList" classname="doctorWhoGame.ScoreboardTester" time="0.004"/>
  <system-out><![CDATA[]]></system-out>
  <system-err><![CDATA[]]></system-err>
</testsuite>
