<?xml version="1.0" encoding="UTF-8"?>
<testsuite name="doctorWhoGame.RouteboardTester" tests="2" skipped="0" failures="0" errors="0" timestamp="2016-05-12T06:53:01" hostname="NATHANGJ-W541" time="0.038">
  <properties/>
  <testcase name="TestRouteboardHasHandAreaImageFile" classname="doctorWhoGame.RouteboardTester" time="0.019"/>
  <testcase name="TestThatImageDimensionsCanBeAccessedWithGetter" classname="doctorWhoGame.RouteboardTester" time="0.018"/>
  <system-out><![CDATA[]]></system-out>
  <system-err><![CDATA[]]></system-err>
</testsuite>
