<?xml version="1.0" encoding="UTF-8"?>
<testsuite name="doctorWhoGame.RouteboardTester" tests="2" skipped="0" failures="0" errors="0" timestamp="2016-05-12T07:04:12" hostname="NATHANGJ-W541" time="0.04">
  <properties/>
  <testcase name="TestRouteboardHasHandAreaImageFile" classname="doctorWhoGame.RouteboardTester" time="0.024"/>
  <testcase name="TestThatImageDimensionsCanBeAccessedWithGetter" classname="doctorWhoGame.RouteboardTester" time="0.016"/>
  <system-out><![CDATA[]]></system-out>
  <system-err><![CDATA[]]></system-err>
</testsuite>
