<?xml version="1.0" encoding="UTF-8"?>
<testsuite name="doctorWhoGame.ScoreboardTester" tests="2" skipped="0" failures="0" errors="0" timestamp="2016-05-12T06:53:01" hostname="NATHANGJ-W541" time="0.012">
  <properties/>
  <testcase name="testThatDrawingScoreboardCallsForPlayerColorScoreTrainsAndName" classname="doctorWhoGame.ScoreboardTester" time="0.008"/>
  <testcase name="testThatScoreboardGetsPlayerList" classname="doctorWhoGame.ScoreboardTester" time="0.003"/>
  <system-out><![CDATA[]]></system-out>
  <system-err><![CDATA[]]></system-err>
</testsuite>
