<?xml version="1.0" encoding="UTF-8"?>
<testsuite name="doctorWhoGame.NodeTester" tests="1" skipped="0" failures="0" errors="0" timestamp="2016-05-12T04:57:25" hostname="NATHANGJ-W541" time="0.001">
  <properties/>
  <testcase name="testCoordinatesProperlyAssigned" classname="doctorWhoGame.NodeTester" time="0.001"/>
  <system-out><![CDATA[]]></system-out>
  <system-err><![CDATA[]]></system-err>
</testsuite>
