<?xml version="1.0" encoding="UTF-8"?>
<testsuite name="doctorWhoGame.GameStarterTester" tests="3" skipped="0" failures="0" errors="0" timestamp="2016-05-12T06:53:01" hostname="NATHANGJ-W541" time="0.029">
  <properties/>
  <testcase name="testQuestionButtonCreation" classname="doctorWhoGame.GameStarterTester" time="0.002"/>
  <testcase name="testStartButtonCreation" classname="doctorWhoGame.GameStarterTester" time="0.023"/>
  <testcase name="testTitleLabelCreation" classname="doctorWhoGame.GameStarterTester" time="0.004"/>
  <system-out><![CDATA[]]></system-out>
  <system-err><![CDATA[]]></system-err>
</testsuite>
